Vainness = 0.166
Oversimplification = 0.000
Evenness = 0.200
Unsolvability = 0.200
Instability 1 = 0.000
Instability 2 = 0.333
Instability 3 = 0.000
Instability 4 = 0.333
Instability 5 = 0.000
Negidealness = 1.022
Vainness = 0.000
Oversimplification = 1.000
Evenness = 0.000
Unsolvability = 0.000
Instability 1 = 0.000
Negidealness = 3.141
Vainness = 1.000
Oversimplification = 0.000
Evenness = 0.000
Unsolvability = 1.000
Instability 1 = 0.000
Negidealness = 2.444
Vainness = 1.000
Oversimplification = 0.000
Evenness = 0.000
Unsolvability = 1.000
Instability 1 = 0.000
Negidealness = 2.444
Vainness = 0.000
Oversimplification = 0.000
Evenness = 0.000
Unsolvability = 0.666
Instability 1 = 0.000
Instability 2 = 0.000
Instability 3 = 0.000
Negidealness = 0.942
Vainness = 0.000
Oversimplification = 1.000
Evenness = 0.000
Unsolvability = 0.000
Instability 1 = 0.000
Instability 2 = 0.000
Instability 3 = 0.000
Negidealness = 3.141
Vainness = 0.300
Oversimplification = 0.100
Evenness = 0.428
Unsolvability = 0.000
Instability 1 = 0.000
Instability 2 = 0.000
Instability 3 = 0.000
Instability 4 = 0.000
Instability 5 = 0.000
Instability 6 = 0.000
Instability 7 = 0.000
Negidealness = 1.553
Vainness = 0.300
Oversimplification = 0.000
Evenness = 0.142
Unsolvability = 0.285
Instability 1 = 0.000
Instability 2 = 0.000
Instability 3 = 0.000
Instability 4 = 0.100
Instability 5 = 0.000
Instability 6 = 0.200
Instability 7 = 0.200
Negidealness = 1.094
Vainness = 1.000
Oversimplification = 0.000
Evenness = 0.000
Unsolvability = 1.000
Instability 1 = 0.000
Negidealness = 2.444
Vainness = 0.000
Oversimplification = 1.000
Evenness = 0.000
Unsolvability = 0.000
Instability 1 = 0.000
Negidealness = 3.141
Vainness = 0.000
Oversimplification = 1.000
Evenness = 0.000
Unsolvability = 0.000
Instability 1 = 0.000
Negidealness = 3.141
Vainness = 0.000
Oversimplification = 1.000
Evenness = 0.000
Unsolvability = 0.000
Instability 1 = 0.000
Negidealness = 3.141
Vainness = 1.000
Oversimplification = 0.000
Evenness = 0.000
Unsolvability = 1.000
Instability 1 = 0.000
Negidealness = 2.444
Vainness = 0.000
Oversimplification = 1.000
Evenness = 0.000
Unsolvability = 0.000
Instability 1 = 0.000
Instability 2 = 0.000
Instability 3 = 0.000
Instability 4 = 0.000
Instability 5 = 0.000
Instability 6 = 0.000
Instability 7 = 0.000
Instability 8 = 0.000
Instability 9 = 0.000
Instability 10 = 0.000
Instability 11 = 0.000
Instability 12 = 0.000
Instability 13 = 0.000
Instability 14 = 0.000
Instability 15 = 0.000
Instability 16 = 0.000
Instability 17 = 0.000
Instability 18 = 0.000
Instability 19 = 0.000
Instability 20 = 0.000
Instability 21 = 0.000
Instability 22 = 0.000
Instability 23 = 0.000
Instability 24 = 0.000
Instability 25 = 0.000
Instability 26 = 0.000
Negidealness = 3.141
Vainness = 1.000
Oversimplification = 0.000
Evenness = 0.000
Unsolvability = 1.000
Instability 1 = 0.000
Instability 2 = 0.000
Instability 3 = 0.000
Instability 4 = 0.000
Instability 5 = 0.000
Instability 6 = 0.000
Instability 7 = 0.000
Instability 8 = 0.000
Instability 9 = 0.000
Instability 10 = 0.000
Instability 11 = 0.000
Instability 12 = 0.000
Instability 13 = 0.000
Instability 14 = 0.000
Instability 15 = 0.000
Instability 16 = 0.000
Instability 17 = 0.000
Instability 18 = 0.000
Instability 19 = 0.000
Instability 20 = 0.000
Instability 21 = 0.000
Instability 22 = 0.000
Instability 23 = 0.000
Instability 24 = 0.000
Instability 25 = 0.000
Instability 26 = 0.000
Negidealness = 2.444
Vainness = 0.166
Oversimplification = 0.000
Evenness = 0.250
Unsolvability = 0.250
Instability 1 = 0.166
Instability 2 = 0.333
Instability 3 = 0.000
Instability 4 = 0.000
Negidealness = 1.192
Vainness = 0.141
Oversimplification = 0.018
Evenness = 0.000
Unsolvability = 0.000
Instability 1 = 0.169
Instability 2 = 0.160
Instability 3 = 0.000
Instability 4 = 0.075
Instability 5 = 0.235
Instability 6 = 0.132
Instability 7 = 0.320
Instability 8 = 0.330
Negidealness = 0.383
Vainness = 0.114
Oversimplification = 0.000
Evenness = 0.000
Unsolvability = 0.000
Instability 1 = 0.069
Instability 2 = 0.119
Instability 3 = 0.044
Instability 4 = 0.004
Instability 5 = 0.004
Instability 6 = 0.129
Instability 7 = 0.044
Instability 8 = 0.223
Instability 9 = 0.049
Instability 10 = 0.069
Instability 11 = 0.019
Negidealness = 0.188
Vainness = 0.281
Oversimplification = 0.000
Evenness = 0.000
Unsolvability = 0.428
Instability 1 = 0.084
Instability 2 = 0.000
Instability 3 = 0.000
Instability 4 = 0.408
Instability 5 = 0.000
Instability 6 = 0.000
Instability 7 = 0.211
Negidealness = 0.996
Vainness = 0.080
Oversimplification = 0.000
Evenness = 0.000
Unsolvability = 0.090
Instability 1 = 0.035
Instability 2 = 0.045
Instability 3 = 0.201
Instability 4 = 0.085
Instability 5 = 0.035
Instability 6 = 0.085
Instability 7 = 0.075
Instability 8 = 0.040
Instability 9 = 0.040
Instability 10 = 0.110
Instability 11 = 0.000
Negidealness = 0.279
