5.60555127546399
3.23606797749979
33.90724809414742
31.684911555885535
58.38171522072045
59.92687414953099
83.54541867892941
117.60831677213046
47.62480544320673
58.86466595749577
59.939389883891806
68.42861433600648
83.7491098323059
104.54864478837102
138.00872644805978
257.9696548064526
71.55148615344635
224.4840624997422
139.21483065582962
158.18835606122173
339.3169895107606
248.3773256978451
261.4285705012045
989.1400731384923
1753.0634920456152
850.6647554712157
481.3889476969174
805.0840217030616
831.2629626118012
2924.1037411635657
1491.9182258429878
3417.231692283885
2157.5014300268826
203.79690974948846
2256.8195316496867
5471.422740653065
4299.576433159872
292.74185350937495
2039.0247301669692
602.9473419787407
868.60085023035
4010.6421910057693
3512.2595347526812
5122.150786582166
1294.6830606975634
2212.3767498760244
4125.762670323003
1293.6700496988142
8220.300579753724
7256.526488568147
